#
# There is insufficient memory for the Java Runtime Environment to continue.
# Native memory allocation (mmap) failed to map 58720256 bytes for G1 virtual space
# Possible reasons:
#   The system is out of physical RAM or swap space
#   The process is running with CompressedOops enabled, and the Java Heap may be blocking the growth of the native heap
# Possible solutions:
#   Reduce memory load on the system
#   Increase physical memory or swap space
#   Check if swap backing store is full
#   Decrease Java heap size (-Xmx/-Xms)
#   Decrease number of Java threads
#   Decrease Java thread stack sizes (-Xss)
#   Set larger code cache with -XX:ReservedCodeCacheSize=
#   JVM is running with Unscaled Compressed Oops mode in which the Java heap is
#     placed in the first 4GB address space. The Java Heap base address is the
#     maximum limit for the native heap growth. Please use -XX:HeapBaseMinAddress
#     to set the Java Heap base and to place the Java Heap above 4GB virtual address.
# This output file may be truncated or incomplete.
#
#  Out of Memory Error (os_windows.cpp:3527), pid=4640, tid=15080
#
# JRE version: Java(TM) SE Runtime Environment (19.0.1+10) (build 19.0.1+10-21)
# Java VM: Java HotSpot(TM) 64-Bit Server VM (19.0.1+10-21, mixed mode, sharing, tiered, compressed oops, compressed class ptrs, g1 gc, windows-amd64)
# No core dump will be written. Minidumps are not enabled by default on client versions of Windows
#

---------------  S U M M A R Y ------------

Command Line: -Dclassworlds.conf=C:\Program Files\Common Files\apache-maven-3.8.6\bin\m2.conf -Dmaven.home=C:\Program Files\Common Files\apache-maven-3.8.6 -Dlibrary.jansi.path=C:\Program Files\Common Files\apache-maven-3.8.6\lib\jansi-native -Dmaven.multiModuleProjectDirectory=C:\Users\Blanki Kuler\Documents\GitHub\memory-game org.codehaus.plexus.classworlds.launcher.Launcher archetype:generate -DgroupId=com.mycompany.app -DartifactId=my-app -DarchetypeArtifactId=maven-archetype-quickstart -DarchetypeVersion=1.4 -DinteractiveMode=false

Host: Intel(R) Celeron(R) CPU N3350 @ 1.10GHz, 2 cores, 5G,  Windows 10 , 64 bit Build 19041 (10.0.19041.2251)
Time: Sat Dec  3 16:44:24 2022 Eastern Standard Time elapsed time: 40.870712 seconds (0d 0h 0m 40s)

---------------  T H R E A D  ---------------

Current thread (0x00000214ed948e20):  VMThread "VM Thread" [stack: 0x000000b6c8b00000,0x000000b6c8c00000] [id=15080]

Stack: [0x000000b6c8b00000,0x000000b6c8c00000]
Native frames: (J=compiled Java code, j=interpreted, Vv=VM code, C=native code)
V  [jvm.dll+0x6ee8fa]
V  [jvm.dll+0x857a1e]
V  [jvm.dll+0x85940e]
V  [jvm.dll+0x859ac3]
V  [jvm.dll+0x28291f]
V  [jvm.dll+0x6eb6e9]
V  [jvm.dll+0x6e028a]
V  [jvm.dll+0x357136]
V  [jvm.dll+0x35eb96]
V  [jvm.dll+0x3b555e]
V  [jvm.dll+0x3b578f]
V  [jvm.dll+0x32c6ea]
V  [jvm.dll+0x32c797]
V  [jvm.dll+0x374b52]
V  [jvm.dll+0x37328f]
V  [jvm.dll+0x32bf10]
V  [jvm.dll+0x37282b]
V  [jvm.dll+0x85ef83]
V  [jvm.dll+0x85fd49]
V  [jvm.dll+0x86027d]
V  [jvm.dll+0x86070b]
V  [jvm.dll+0x8607c7]
V  [jvm.dll+0x8015fa]
V  [jvm.dll+0x6ed5eb]
C  [ucrtbase.dll+0x21bb2]
C  [KERNEL32.DLL+0x174b4]
C  [ntdll.dll+0x526a1]

VM_Operation (0x000000b6c85fd810): G1CollectForAllocation, mode: safepoint, requested by thread 0x00000214cf29d880


---------------  P R O C E S S  ---------------

Threads class SMR info:
_java_thread_list=0x00000214f2c818b0, length=12, elements={
0x00000214cf29d880, 0x00000214ed95f0e0, 0x00000214ed95fae0, 0x00000214ed965590,
0x00000214ed963400, 0x00000214ed963940, 0x00000214ed963e80, 0x00000214ed9671b0,
0x00000214ed974c50, 0x00000214ed9931c0, 0x00000214f1c8f2c0, 0x00000214f1c94090
}

Java Threads: ( => current thread )
  0x00000214cf29d880 JavaThread "main" [_thread_blocked, id=5484, stack(0x000000b6c8500000,0x000000b6c8600000)]
  0x00000214ed95f0e0 JavaThread "Reference Handler" daemon [_thread_blocked, id=17624, stack(0x000000b6c8c00000,0x000000b6c8d00000)]
  0x00000214ed95fae0 JavaThread "Finalizer" daemon [_thread_blocked, id=17020, stack(0x000000b6c8d00000,0x000000b6c8e00000)]
  0x00000214ed965590 JavaThread "Signal Dispatcher" daemon [_thread_blocked, id=6960, stack(0x000000b6c8e00000,0x000000b6c8f00000)]
  0x00000214ed963400 JavaThread "Attach Listener" daemon [_thread_blocked, id=6216, stack(0x000000b6c8f00000,0x000000b6c9000000)]
  0x00000214ed963940 JavaThread "Service Thread" daemon [_thread_blocked, id=12592, stack(0x000000b6c9000000,0x000000b6c9100000)]
  0x00000214ed963e80 JavaThread "Monitor Deflation Thread" daemon [_thread_blocked, id=3544, stack(0x000000b6c9100000,0x000000b6c9200000)]
  0x00000214ed9671b0 JavaThread "C2 CompilerThread0" daemon [_thread_blocked, id=4852, stack(0x000000b6c9200000,0x000000b6c9300000)]
  0x00000214ed974c50 JavaThread "C1 CompilerThread0" daemon [_thread_blocked, id=428, stack(0x000000b6c9300000,0x000000b6c9400000)]
  0x00000214ed9931c0 JavaThread "Sweeper thread" daemon [_thread_blocked, id=8, stack(0x000000b6c9400000,0x000000b6c9500000)]
  0x00000214f1c8f2c0 JavaThread "Notification Thread" daemon [_thread_blocked, id=13884, stack(0x000000b6c9500000,0x000000b6c9600000)]
  0x00000214f1c94090 JavaThread "Common-Cleaner" daemon [_thread_blocked, id=18112, stack(0x000000b6c9700000,0x000000b6c9800000)]

Other Threads:
=>0x00000214ed948e20 VMThread "VM Thread" [stack: 0x000000b6c8b00000,0x000000b6c8c00000] [id=15080]
  0x00000214f1c93c30 WatcherThread "VM Periodic Task Thread" [stack: 0x000000b6c9600000,0x000000b6c9700000] [id=12340]
  0x00000214cf2edb90 WorkerThread "GC Thread#0" [stack: 0x000000b6c8600000,0x000000b6c8700000] [id=18108]
  0x00000214f1fce320 WorkerThread "GC Thread#1" [stack: 0x000000b6c9800000,0x000000b6c9900000] [id=16576]
  0x00000214cf2fa720 ConcurrentGCThread "G1 Main Marker" [stack: 0x000000b6c8700000,0x000000b6c8800000] [id=16920]
  0x00000214cf2fb200 WorkerThread "G1 Conc#0" [stack: 0x000000b6c8800000,0x000000b6c8900000] [id=16368]
  0x00000214cf35ca80 ConcurrentGCThread "G1 Refine#0" [stack: 0x000000b6c8900000,0x000000b6c8a00000] [id=13788]
  0x00000214cf35f4f0 ConcurrentGCThread "G1 Service" [stack: 0x000000b6c8a00000,0x000000b6c8b00000] [id=8516]

Threads with active compile tasks:
C2 CompilerThread0    40936 6014       4       org.apache.maven.archetype.catalog.io.xpp3.ArchetypeCatalogXpp3Reader::parseArchetype (287 bytes)

VM state: at safepoint (normal execution)

VM Mutex/Monitor currently owned by a thread:  ([mutex/lock_event])
[0x00000214cf29b690] Threads_lock - owner thread: 0x00000214ed948e20
[0x00000214cf29aa30] Heap_lock - owner thread: 0x00000214cf29d880

Heap address: 0x00000000a2400000, size: 1500 MB, Compressed Oops mode: 32-bit

CDS archive(s) mapped at: [0x0000000800000000-0x0000000800c40000-0x0000000800c40000), size 12845056, SharedBaseAddress: 0x0000000800000000, ArchiveRelocationMode: 0.
Compressed class space mapped at: 0x0000000801000000-0x0000000841000000, reserved size: 1073741824
Narrow klass base: 0x0000000800000000, Narrow klass shift: 0, Narrow klass range: 0x100000000

GC Precious Log:
 CardTable entry size: 512
 Card Set container configuration: InlinePtr #cards 5 size 8 Array Of Cards #cards 12 size 40 Howl #buckets 4 coarsen threshold 1843 Howl Bitmap #cards 512 size 80 coarsen threshold 460 Card regions per heap region 1 cards per card region 2048
 CPUs: 2 total, 2 available
 Memory: 5993M
 Large Page Support: Disabled
 NUMA Support: Disabled
 Compressed Oops: Enabled (32-bit)
 Heap Region Size: 1M
 Heap Min Capacity: 8M
 Heap Initial Capacity: 94M
 Heap Max Capacity: 1500M
 Pre-touch: Disabled
 Parallel Workers: 2
 Concurrent Workers: 1
 Concurrent Refinement Workers: 2
 Periodic GC: Disabled

Heap:
 garbage-first heap   total 96256K, used 36434K [0x00000000a2400000, 0x0000000100000000)
  region size 1024K, 1 young (1024K), 1 survivors (1024K)
 Metaspace       used 26274K, committed 26560K, reserved 1114112K
  class space    used 2800K, committed 2944K, reserved 1048576K

Heap Regions: E=young(eden), S=young(survivor), O=old, HS=humongous(starts), HC=humongous(continues), CS=collection set, F=free, OA=open archive, CA=closed archive, TAMS=top-at-mark-start (previous, next)
|   0|0x00000000a2400000, 0x00000000a2500000, 0x00000000a2500000|100%| O|  |TAMS 0x00000000a2500000, 0x00000000a2500000| Untracked 
|   1|0x00000000a2500000, 0x00000000a2600000, 0x00000000a2600000|100%| O|  |TAMS 0x00000000a2600000, 0x00000000a2600000| Untracked 
|   2|0x00000000a2600000, 0x00000000a2700000, 0x00000000a2700000|100%| O|  |TAMS 0x00000000a2700000, 0x00000000a2700000| Untracked 
|   3|0x00000000a2700000, 0x00000000a2800000, 0x00000000a2800000|100%| O|  |TAMS 0x00000000a2800000, 0x00000000a2800000| Untracked 
|   4|0x00000000a2800000, 0x00000000a2900000, 0x00000000a2900000|100%| O|  |TAMS 0x00000000a2900000, 0x00000000a2900000| Untracked 
|   5|0x00000000a2900000, 0x00000000a2a00000, 0x00000000a2a00000|100%| O|  |TAMS 0x00000000a2a00000, 0x00000000a2a00000| Untracked 
|   6|0x00000000a2a00000, 0x00000000a2b00000, 0x00000000a2b00000|100%| O|  |TAMS 0x00000000a2b00000, 0x00000000a2b00000| Untracked 
|   7|0x00000000a2b00000, 0x00000000a2c00000, 0x00000000a2c00000|100%| O|  |TAMS 0x00000000a2c00000, 0x00000000a2c00000| Untracked 
|   8|0x00000000a2c00000, 0x00000000a2d00000, 0x00000000a2d00000|100%| O|  |TAMS 0x00000000a2d00000, 0x00000000a2d00000| Untracked 
|   9|0x00000000a2d00000, 0x00000000a2e00000, 0x00000000a2e00000|100%| O|  |TAMS 0x00000000a2e00000, 0x00000000a2e00000| Untracked 
|  10|0x00000000a2e00000, 0x00000000a2f00000, 0x00000000a2f00000|100%| O|  |TAMS 0x00000000a2f00000, 0x00000000a2f00000| Untracked 
|  11|0x00000000a2f00000, 0x00000000a3000000, 0x00000000a3000000|100%| O|  |TAMS 0x00000000a3000000, 0x00000000a3000000| Untracked 
|  12|0x00000000a3000000, 0x00000000a3100000, 0x00000000a3100000|100%| O|  |TAMS 0x00000000a3100000, 0x00000000a3100000| Untracked 
|  13|0x00000000a3100000, 0x00000000a3200000, 0x00000000a3200000|100%| O|  |TAMS 0x00000000a3200000, 0x00000000a3200000| Untracked 
|  14|0x00000000a3200000, 0x00000000a3300000, 0x00000000a3300000|100%| O|  |TAMS 0x00000000a3200000, 0x00000000a3300000| Untracked 
|  15|0x00000000a3300000, 0x00000000a3400000, 0x00000000a3400000|100%| O|  |TAMS 0x00000000a3400000, 0x00000000a3400000| Untracked 
|  16|0x00000000a3400000, 0x00000000a3500000, 0x00000000a3500000|100%| O|  |TAMS 0x00000000a3500000, 0x00000000a3500000| Untracked 
|  17|0x00000000a3500000, 0x00000000a3600000, 0x00000000a3600000|100%| O|  |TAMS 0x00000000a3600000, 0x00000000a3600000| Untracked 
|  18|0x00000000a3600000, 0x00000000a3700000, 0x00000000a3700000|100%| O|  |TAMS 0x00000000a3700000, 0x00000000a3700000| Untracked 
|  19|0x00000000a3700000, 0x00000000a3800000, 0x00000000a3800000|100%| O|  |TAMS 0x00000000a3800000, 0x00000000a3800000| Untracked 
|  20|0x00000000a3800000, 0x00000000a3900000, 0x00000000a3900000|100%| O|  |TAMS 0x00000000a3900000, 0x00000000a3900000| Untracked 
|  21|0x00000000a3900000, 0x00000000a3a00000, 0x00000000a3a00000|100%| O|  |TAMS 0x00000000a3a00000, 0x00000000a3a00000| Untracked 
|  22|0x00000000a3a00000, 0x00000000a3b00000, 0x00000000a3b00000|100%| O|  |TAMS 0x00000000a3b00000, 0x00000000a3b00000| Untracked 
|  23|0x00000000a3b00000, 0x00000000a3c00000, 0x00000000a3c00000|100%| O|  |TAMS 0x00000000a3c00000, 0x00000000a3c00000| Untracked 
|  24|0x00000000a3c00000, 0x00000000a3d00000, 0x00000000a3d00000|100%| O|  |TAMS 0x00000000a3d00000, 0x00000000a3d00000| Untracked 
|  25|0x00000000a3d00000, 0x00000000a3e00000, 0x00000000a3e00000|100%| O|  |TAMS 0x00000000a3e00000, 0x00000000a3e00000| Untracked 
|  26|0x00000000a3e00000, 0x00000000a3f00000, 0x00000000a3f00000|100%| O|  |TAMS 0x00000000a3e00000, 0x00000000a3e00000| Untracked 
|  27|0x00000000a3f00000, 0x00000000a4000000, 0x00000000a4000000|100%| O|  |TAMS 0x00000000a4000000, 0x00000000a4000000| Untracked 
|  28|0x00000000a4000000, 0x00000000a4100000, 0x00000000a4100000|100%| O|  |TAMS 0x00000000a4100000, 0x00000000a4100000| Untracked 
|  29|0x00000000a4100000, 0x00000000a4200000, 0x00000000a4200000|100%| O|  |TAMS 0x00000000a418a800, 0x00000000a4200000| Untracked 
|  30|0x00000000a4200000, 0x00000000a4300000, 0x00000000a4300000|100%| O|  |TAMS 0x00000000a4200000, 0x00000000a4300000| Untracked 
|  31|0x00000000a4300000, 0x00000000a4400000, 0x00000000a4400000|100%| O|  |TAMS 0x00000000a4300000, 0x00000000a4400000| Untracked 
|  32|0x00000000a4400000, 0x00000000a4500000, 0x00000000a4500000|100%| O|  |TAMS 0x00000000a4400000, 0x00000000a4500000| Untracked 
|  33|0x00000000a4500000, 0x00000000a4600000, 0x00000000a4600000|100%| O|  |TAMS 0x00000000a4500000, 0x00000000a4558200| Untracked 
|  34|0x00000000a4600000, 0x00000000a4694800, 0x00000000a4700000| 58%| O|  |TAMS 0x00000000a4600000, 0x00000000a4600000| Untracked 
|  35|0x00000000a4700000, 0x00000000a4700000, 0x00000000a4800000|  0%| F|  |TAMS 0x00000000a4700000, 0x00000000a4700000| Untracked 
|  36|0x00000000a4800000, 0x00000000a4800000, 0x00000000a4900000|  0%| F|  |TAMS 0x00000000a4800000, 0x00000000a4800000| Untracked 
|  37|0x00000000a4900000, 0x00000000a4900000, 0x00000000a4a00000|  0%| F|  |TAMS 0x00000000a4900000, 0x00000000a4900000| Untracked 
|  38|0x00000000a4a00000, 0x00000000a4a00000, 0x00000000a4b00000|  0%| F|  |TAMS 0x00000000a4a00000, 0x00000000a4a00000| Untracked 
|  39|0x00000000a4b00000, 0x00000000a4b00000, 0x00000000a4c00000|  0%| F|  |TAMS 0x00000000a4b00000, 0x00000000a4b00000| Untracked 
|  40|0x00000000a4c00000, 0x00000000a4c00000, 0x00000000a4d00000|  0%| F|  |TAMS 0x00000000a4c00000, 0x00000000a4c00000| Untracked 
|  41|0x00000000a4d00000, 0x00000000a4d00000, 0x00000000a4e00000|  0%| F|  |TAMS 0x00000000a4d00000, 0x00000000a4d00000| Untracked 
|  42|0x00000000a4e00000, 0x00000000a4e00000, 0x00000000a4f00000|  0%| F|  |TAMS 0x00000000a4e00000, 0x00000000a4e00000| Untracked 
|  43|0x00000000a4f00000, 0x00000000a4f00000, 0x00000000a5000000|  0%| F|  |TAMS 0x00000000a4f00000, 0x00000000a4f00000| Untracked 
|  44|0x00000000a5000000, 0x00000000a5000000, 0x00000000a5100000|  0%| F|  |TAMS 0x00000000a5000000, 0x00000000a5000000| Untracked 
|  45|0x00000000a5100000, 0x00000000a5200000, 0x00000000a5200000|100%| S|CS|TAMS 0x00000000a5100000, 0x00000000a5100000| Complete 
|  46|0x00000000a5200000, 0x00000000a5200000, 0x00000000a5300000|  0%| F|  |TAMS 0x00000000a5200000, 0x00000000a5200000| Untracked 
|  47|0x00000000a5300000, 0x00000000a5300000, 0x00000000a5400000|  0%| F|  |TAMS 0x00000000a5300000, 0x00000000a5300000| Untracked 
|  48|0x00000000a5400000, 0x00000000a5400000, 0x00000000a5500000|  0%| F|  |TAMS 0x00000000a5400000, 0x00000000a5400000| Untracked 
|  49|0x00000000a5500000, 0x00000000a5500000, 0x00000000a5600000|  0%| F|  |TAMS 0x00000000a5500000, 0x00000000a5500000| Untracked 
|  50|0x00000000a5600000, 0x00000000a5600000, 0x00000000a5700000|  0%| F|  |TAMS 0x00000000a5600000, 0x00000000a5600000| Untracked 
|  51|0x00000000a5700000, 0x00000000a5700000, 0x00000000a5800000|  0%| F|  |TAMS 0x00000000a5700000, 0x00000000a5700000| Untracked 
|  52|0x00000000a5800000, 0x00000000a5800000, 0x00000000a5900000|  0%| F|  |TAMS 0x00000000a5800000, 0x00000000a5800000| Untracked 
|  53|0x00000000a5900000, 0x00000000a5900000, 0x00000000a5a00000|  0%| F|  |TAMS 0x00000000a5900000, 0x00000000a5900000| Untracked 
|  54|0x00000000a5a00000, 0x00000000a5a00000, 0x00000000a5b00000|  0%| F|  |TAMS 0x00000000a5a00000, 0x00000000a5a00000| Untracked 
|  55|0x00000000a5b00000, 0x00000000a5b00000, 0x00000000a5c00000|  0%| F|  |TAMS 0x00000000a5b00000, 0x00000000a5b00000| Untracked 
|  56|0x00000000a5c00000, 0x00000000a5c00000, 0x00000000a5d00000|  0%| F|  |TAMS 0x00000000a5c00000, 0x00000000a5c00000| Untracked 
|  57|0x00000000a5d00000, 0x00000000a5d00000, 0x00000000a5e00000|  0%| F|  |TAMS 0x00000000a5d00000, 0x00000000a5d00000| Untracked 
|  58|0x00000000a5e00000, 0x00000000a5e00000, 0x00000000a5f00000|  0%| F|  |TAMS 0x00000000a5e00000, 0x00000000a5e00000| Untracked 
|  59|0x00000000a5f00000, 0x00000000a5f00000, 0x00000000a6000000|  0%| F|  |TAMS 0x00000000a5f00000, 0x00000000a5f00000| Untracked 
|  60|0x00000000a6000000, 0x00000000a6000000, 0x00000000a6100000|  0%| F|  |TAMS 0x00000000a6000000, 0x00000000a6000000| Untracked 
|  61|0x00000000a6100000, 0x00000000a6100000, 0x00000000a6200000|  0%| F|  |TAMS 0x00000000a6100000, 0x00000000a6100000| Untracked 
|  62|0x00000000a6200000, 0x00000000a6200000, 0x00000000a6300000|  0%| F|  |TAMS 0x00000000a6200000, 0x00000000a6200000| Untracked 
|  63|0x00000000a6300000, 0x00000000a6300000, 0x00000000a6400000|  0%| F|  |TAMS 0x00000000a6300000, 0x00000000a6300000| Untracked 
|  64|0x00000000a6400000, 0x00000000a6400000, 0x00000000a6500000|  0%| F|  |TAMS 0x00000000a6400000, 0x00000000a6400000| Untracked 
|  65|0x00000000a6500000, 0x00000000a6500000, 0x00000000a6600000|  0%| F|  |TAMS 0x00000000a6500000, 0x00000000a6500000| Untracked 
|  66|0x00000000a6600000, 0x00000000a6600000, 0x00000000a6700000|  0%| F|  |TAMS 0x00000000a6600000, 0x00000000a6600000| Untracked 
|  67|0x00000000a6700000, 0x00000000a6700000, 0x00000000a6800000|  0%| F|  |TAMS 0x00000000a6700000, 0x00000000a6700000| Untracked 
|  68|0x00000000a6800000, 0x00000000a6800000, 0x00000000a6900000|  0%| F|  |TAMS 0x00000000a6800000, 0x00000000a6800000| Untracked 
|  69|0x00000000a6900000, 0x00000000a6900000, 0x00000000a6a00000|  0%| F|  |TAMS 0x00000000a6900000, 0x00000000a6900000| Untracked 
|  70|0x00000000a6a00000, 0x00000000a6a00000, 0x00000000a6b00000|  0%| F|  |TAMS 0x00000000a6a00000, 0x00000000a6a00000| Untracked 
|  71|0x00000000a6b00000, 0x00000000a6b00000, 0x00000000a6c00000|  0%| F|  |TAMS 0x00000000a6b00000, 0x00000000a6b00000| Untracked 
|  72|0x00000000a6c00000, 0x00000000a6c00000, 0x00000000a6d00000|  0%| F|  |TAMS 0x00000000a6c00000, 0x00000000a6c00000| Untracked 
|  73|0x00000000a6d00000, 0x00000000a6d00000, 0x00000000a6e00000|  0%| F|  |TAMS 0x00000000a6d00000, 0x00000000a6d00000| Untracked 
|  74|0x00000000a6e00000, 0x00000000a6e00000, 0x00000000a6f00000|  0%| F|  |TAMS 0x00000000a6e00000, 0x00000000a6e00000| Untracked 
|  75|0x00000000a6f00000, 0x00000000a6f00000, 0x00000000a7000000|  0%| F|  |TAMS 0x00000000a6f00000, 0x00000000a6f00000| Untracked 
|  76|0x00000000a7000000, 0x00000000a7000000, 0x00000000a7100000|  0%| F|  |TAMS 0x00000000a7000000, 0x00000000a7000000| Untracked 
|  77|0x00000000a7100000, 0x00000000a7100000, 0x00000000a7200000|  0%| F|  |TAMS 0x00000000a7100000, 0x00000000a7100000| Untracked 
|  78|0x00000000a7200000, 0x00000000a7200000, 0x00000000a7300000|  0%| F|  |TAMS 0x00000000a7200000, 0x00000000a7200000| Untracked 
|  79|0x00000000a7300000, 0x00000000a7300000, 0x00000000a7400000|  0%| F|  |TAMS 0x00000000a7300000, 0x00000000a7300000| Untracked 
|  80|0x00000000a7400000, 0x00000000a7400000, 0x00000000a7500000|  0%| F|  |TAMS 0x00000000a7400000, 0x00000000a7400000| Untracked 
|  81|0x00000000a7500000, 0x00000000a7500000, 0x00000000a7600000|  0%| F|  |TAMS 0x00000000a7500000, 0x00000000a7500000| Untracked 
|  82|0x00000000a7600000, 0x00000000a7600000, 0x00000000a7700000|  0%| F|  |TAMS 0x00000000a7600000, 0x00000000a7600000| Untracked 
|  83|0x00000000a7700000, 0x00000000a7700000, 0x00000000a7800000|  0%| F|  |TAMS 0x00000000a7700000, 0x00000000a7700000| Untracked 
|  84|0x00000000a7800000, 0x00000000a7800000, 0x00000000a7900000|  0%| F|  |TAMS 0x00000000a7800000, 0x00000000a7800000| Untracked 
|  85|0x00000000a7900000, 0x00000000a7900000, 0x00000000a7a00000|  0%| F|  |TAMS 0x00000000a7900000, 0x00000000a7900000| Untracked 
|  86|0x00000000a7a00000, 0x00000000a7a00000, 0x00000000a7b00000|  0%| F|  |TAMS 0x00000000a7a00000, 0x00000000a7a00000| Untracked 
|  87|0x00000000a7b00000, 0x00000000a7b00000, 0x00000000a7c00000|  0%| F|  |TAMS 0x00000000a7b00000, 0x00000000a7b00000| Untracked 
|  88|0x00000000a7c00000, 0x00000000a7c00000, 0x00000000a7d00000|  0%| F|  |TAMS 0x00000000a7c00000, 0x00000000a7c00000| Untracked 
|  89|0x00000000a7d00000, 0x00000000a7d00000, 0x00000000a7e00000|  0%| F|  |TAMS 0x00000000a7d00000, 0x00000000a7d00000| Untracked 
|  90|0x00000000a7e00000, 0x00000000a7e00000, 0x00000000a7f00000|  0%| F|  |TAMS 0x00000000a7e00000, 0x00000000a7e00000| Untracked 
|  91|0x00000000a7f00000, 0x00000000a7f00000, 0x00000000a8000000|  0%| F|  |TAMS 0x00000000a7f00000, 0x00000000a7f00000| Untracked 
|  92|0x00000000a8000000, 0x00000000a8000000, 0x00000000a8100000|  0%| F|  |TAMS 0x00000000a8000000, 0x00000000a8000000| Untracked 
|  93|0x00000000a8100000, 0x00000000a8100000, 0x00000000a8200000|  0%| F|  |TAMS 0x00000000a8100000, 0x00000000a8100000| Untracked 

Card table byte_map: [0x00000214e8130000,0x00000214e8420000] _byte_map_base: 0x00000214e7c1e000

Marking Bits (Prev, Next): (CMBitMap*) 0x00000214cf2ee110, (CMBitMap*) 0x00000214cf2ee0d0
 Prev Bits: [0x00000214e9e80000, 0x00000214eb5f0000)
 Next Bits: [0x00000214e8710000, 0x00000214e9e80000)

Polling page: 0x00000214cf0d0000

Metaspace:

Usage:
  Non-class:     22.92 MB used.
      Class:      2.73 MB used.
       Both:     25.66 MB used.

Virtual space:
  Non-class space:       64.00 MB reserved,      23.06 MB ( 36%) committed,  1 nodes.
      Class space:        1.00 GB reserved,       2.88 MB ( <1%) committed,  1 nodes.
             Both:        1.06 GB reserved,      25.94 MB (  2%) committed. 

Chunk freelists:
   Non-Class:  64.00 KB
       Class:  1.12 MB
        Both:  1.19 MB

MaxMetaspaceSize: unlimited
CompressedClassSpaceSize: 1.00 GB
Initial GC threshold: 21.00 MB
Current GC threshold: 43.25 MB
CDS: on
MetaspaceReclaimPolicy: balanced
 - commit_granule_bytes: 65536.
 - commit_granule_words: 8192.
 - virtual_space_node_default_size: 8388608.
 - enlarge_chunks_in_place: 1.
 - new_chunks_are_fully_committed: 0.
 - uncommit_free_chunks: 1.
 - use_allocation_guard: 0.


Internal statistics:

num_allocs_failed_limit: 3.
num_arena_births: 308.
num_arena_deaths: 0.
num_vsnodes_births: 2.
num_vsnodes_deaths: 0.
num_space_committed: 415.
num_space_uncommitted: 0.
num_chunks_returned_to_freelist: 3.
num_chunks_taken_from_freelist: 991.
num_chunk_merges: 0.
num_chunk_splits: 722.
num_chunks_enlarged: 575.
num_inconsistent_stats: 0.

CodeHeap 'non-profiled nmethods': size=120064Kb used=2717Kb max_used=3011Kb free=117346Kb
 bounds [0x00000214e0500000, 0x00000214e0800000, 0x00000214e7a40000]
CodeHeap 'profiled nmethods': size=120000Kb used=10587Kb max_used=13166Kb free=109412Kb
 bounds [0x00000214d8a40000, 0x00000214d9720000, 0x00000214dff70000]
CodeHeap 'non-nmethods': size=5696Kb used=1343Kb max_used=1391Kb free=4353Kb
 bounds [0x00000214dff70000, 0x00000214e01e0000, 0x00000214e0500000]
 total_blobs=5668 nmethods=5100 adapters=479
 compilation: enabled
              stopped_count=0, restarted_count=0
 full_count=0

Compilation events (20 events):
Event: 40.115 Thread 0x00000214ed9671b0 nmethod 6000 0x00000214e0586a90 code [0x00000214e0586ca0, 0x00000214e0587d38]
Event: 40.115 Thread 0x00000214ed9671b0 6009       4       org.codehaus.plexus.util.xml.pull.MXParser::nextImpl (1202 bytes)
Event: 40.148 Thread 0x00000214ed974c50 6012       2       org.codehaus.plexus.util.xml.XmlReader::read (11 bytes)
Event: 40.149 Thread 0x00000214ed974c50 nmethod 6012 0x00000214d8ae5890 code [0x00000214d8ae5a40, 0x00000214d8ae5b68]
Event: 40.149 Thread 0x00000214ed974c50 6013       2       org.codehaus.plexus.util.xml.pull.MXParser::fillBuf (892 bytes)
Event: 40.153 Thread 0x00000214ed974c50 nmethod 6013 0x00000214d9023790 code [0x00000214d9023c80, 0x00000214d90254f8]
Event: 40.156 Thread 0x00000214ed9671b0 nmethod 6009 0x00000214e05c6e10 code [0x00000214e05c7060, 0x00000214e05c7ce8]
Event: 40.157 Thread 0x00000214ed9671b0 5999       4       org.codehaus.plexus.util.xml.pull.MXParser::getName (84 bytes)
Event: 40.158 Thread 0x00000214ed9671b0 nmethod 5999 0x00000214e0505810 code [0x00000214e05059a0, 0x00000214e0505a78]
Event: 40.158 Thread 0x00000214ed9671b0 6003       4       org.apache.maven.archetype.catalog.io.xpp3.ArchetypeCatalogXpp3Reader::checkFieldWithDuplicate (75 bytes)
Event: 40.166 Thread 0x00000214ed9671b0 nmethod 6003 0x00000214e0527310 code [0x00000214e05274c0, 0x00000214e0527948]
Event: 40.166 Thread 0x00000214ed9671b0 6002       4       org.codehaus.plexus.util.xml.pull.MXParser::isNameStartChar (63 bytes)
Event: 40.167 Thread 0x00000214ed9671b0 nmethod 6002 0x00000214e0521590 code [0x00000214e0521720, 0x00000214e0521818]
Event: 40.167 Thread 0x00000214ed9671b0 6004       4       org.codehaus.plexus.util.xml.pull.MXParser::nextTag (82 bytes)
Event: 40.173 Thread 0x00000214ed9671b0 nmethod 6004 0x00000214e050e910 code [0x00000214e050eac0, 0x00000214e050ecd8]
Event: 40.173 Thread 0x00000214ed9671b0 6014       4       org.apache.maven.archetype.catalog.io.xpp3.ArchetypeCatalogXpp3Reader::parseArchetype (287 bytes)
Event: 40.402 Thread 0x00000214ed974c50 6016       3       sun.nio.cs.UTF_8$Decoder::decodeArrayLoop (688 bytes)
Event: 40.408 Thread 0x00000214ed974c50 nmethod 6016 0x00000214d8c20810 code [0x00000214d8c21040, 0x00000214d8c261b8]
Event: 40.771 Thread 0x00000214ed974c50 6017       3       org.codehaus.plexus.util.xml.pull.MXParser::nextImpl (1202 bytes)
Event: 40.778 Thread 0x00000214ed974c50 nmethod 6017 0x00000214d90c2010 code [0x00000214d90c26a0, 0x00000214d90c5858]

GC Heap History (20 events):
Event: 35.858 GC heap after
{Heap after GC invocations=15 (full 0):
 garbage-first heap   total 45056K, used 14017K [0x00000000a2400000, 0x0000000100000000)
  region size 1024K, 1 young (1024K), 1 survivors (1024K)
 Metaspace       used 23107K, committed 23424K, reserved 1114112K
  class space    used 2433K, committed 2624K, reserved 1048576K
}
Event: 37.325 GC heap before
{Heap before GC invocations=15 (full 0):
 garbage-first heap   total 45056K, used 35521K [0x00000000a2400000, 0x0000000100000000)
  region size 1024K, 23 young (23552K), 1 survivors (1024K)
 Metaspace       used 24397K, committed 24704K, reserved 1114112K
  class space    used 2610K, committed 2752K, reserved 1048576K
}
Event: 37.331 GC heap after
{Heap after GC invocations=16 (full 0):
 garbage-first heap   total 45056K, used 16572K [0x00000000a2400000, 0x0000000100000000)
  region size 1024K, 3 young (3072K), 3 survivors (3072K)
 Metaspace       used 24397K, committed 24704K, reserved 1114112K
  class space    used 2610K, committed 2752K, reserved 1048576K
}
Event: 39.335 GC heap before
{Heap before GC invocations=16 (full 0):
 garbage-first heap   total 45056K, used 33980K [0x00000000a2400000, 0x0000000100000000)
  region size 1024K, 21 young (21504K), 3 survivors (3072K)
 Metaspace       used 26095K, committed 26432K, reserved 1114112K
  class space    used 2795K, committed 2944K, reserved 1048576K
}
Event: 39.348 GC heap after
{Heap after GC invocations=17 (full 0):
 garbage-first heap   total 45056K, used 20471K [0x00000000a2400000, 0x0000000100000000)
  region size 1024K, 3 young (3072K), 3 survivors (3072K)
 Metaspace       used 26095K, committed 26432K, reserved 1114112K
  class space    used 2795K, committed 2944K, reserved 1048576K
}
Event: 40.081 GC heap before
{Heap before GC invocations=17 (full 0):
 garbage-first heap   total 45056K, used 33783K [0x00000000a2400000, 0x0000000100000000)
  region size 1024K, 16 young (16384K), 3 survivors (3072K)
 Metaspace       used 26272K, committed 26560K, reserved 1114112K
  class space    used 2800K, committed 2944K, reserved 1048576K
}
Event: 40.089 GC heap after
{Heap after GC invocations=18 (full 0):
 garbage-first heap   total 45056K, used 21668K [0x00000000a2400000, 0x0000000100000000)
  region size 1024K, 2 young (2048K), 2 survivors (2048K)
 Metaspace       used 26272K, committed 26560K, reserved 1114112K
  class space    used 2800K, committed 2944K, reserved 1048576K
}
Event: 40.235 GC heap before
{Heap before GC invocations=18 (full 0):
 garbage-first heap   total 45056K, used 33956K [0x00000000a2400000, 0x0000000100000000)
  region size 1024K, 14 young (14336K), 2 survivors (2048K)
 Metaspace       used 26274K, committed 26560K, reserved 1114112K
  class space    used 2800K, committed 2944K, reserved 1048576K
}
Event: 40.248 GC heap after
{Heap after GC invocations=19 (full 0):
 garbage-first heap   total 45056K, used 26370K [0x00000000a2400000, 0x0000000100000000)
  region size 1024K, 2 young (2048K), 2 survivors (2048K)
 Metaspace       used 26274K, committed 26560K, reserved 1114112K
  class space    used 2800K, committed 2944K, reserved 1048576K
}
Event: 40.434 GC heap before
{Heap before GC invocations=20 (full 0):
 garbage-first heap   total 46080K, used 33538K [0x00000000a2400000, 0x0000000100000000)
  region size 1024K, 9 young (9216K), 2 survivors (2048K)
 Metaspace       used 26274K, committed 26560K, reserved 1114112K
  class space    used 2800K, committed 2944K, reserved 1048576K
}
Event: 40.446 GC heap after
{Heap after GC invocations=21 (full 0):
 garbage-first heap   total 46080K, used 29318K [0x00000000a2400000, 0x0000000100000000)
  region size 1024K, 2 young (2048K), 2 survivors (2048K)
 Metaspace       used 26274K, committed 26560K, reserved 1114112K
  class space    used 2800K, committed 2944K, reserved 1048576K
}
Event: 40.457 GC heap before
{Heap before GC invocations=21 (full 0):
 garbage-first heap   total 46080K, used 30342K [0x00000000a2400000, 0x0000000100000000)
  region size 1024K, 3 young (3072K), 2 survivors (2048K)
 Metaspace       used 26274K, committed 26560K, reserved 1114112K
  class space    used 2800K, committed 2944K, reserved 1048576K
}
Event: 40.462 GC heap after
{Heap after GC invocations=22 (full 0):
 garbage-first heap   total 46080K, used 29630K [0x00000000a2400000, 0x0000000100000000)
  region size 1024K, 1 young (1024K), 1 survivors (1024K)
 Metaspace       used 26274K, committed 26560K, reserved 1114112K
  class space    used 2800K, committed 2944K, reserved 1048576K
}
Event: 40.506 GC heap before
{Heap before GC invocations=22 (full 0):
 garbage-first heap   total 46080K, used 34750K [0x00000000a2400000, 0x0000000100000000)
  region size 1024K, 6 young (6144K), 1 survivors (1024K)
 Metaspace       used 26274K, committed 26560K, reserved 1114112K
  class space    used 2800K, committed 2944K, reserved 1048576K
}
Event: 40.513 GC heap after
{Heap after GC invocations=23 (full 0):
 garbage-first heap   total 46080K, used 31725K [0x00000000a2400000, 0x0000000100000000)
  region size 1024K, 1 young (1024K), 1 survivors (1024K)
 Metaspace       used 26274K, committed 26560K, reserved 1114112K
  class space    used 2800K, committed 2944K, reserved 1048576K
}
Event: 40.699 GC heap before
{Heap before GC invocations=24 (full 0):
 garbage-first heap   total 55296K, used 35821K [0x00000000a2400000, 0x0000000100000000)
  region size 1024K, 5 young (5120K), 1 survivors (1024K)
 Metaspace       used 26274K, committed 26560K, reserved 1114112K
  class space    used 2800K, committed 2944K, reserved 1048576K
}
Event: 40.710 GC heap after
{Heap after GC invocations=25 (full 0):
 garbage-first heap   total 55296K, used 33413K [0x00000000a2400000, 0x0000000100000000)
  region size 1024K, 1 young (1024K), 1 survivors (1024K)
 Metaspace       used 26274K, committed 26560K, reserved 1114112K
  class space    used 2800K, committed 2944K, reserved 1048576K
}
Event: 40.720 GC heap before
{Heap before GC invocations=25 (full 0):
 garbage-first heap   total 55296K, used 34437K [0x00000000a2400000, 0x0000000100000000)
  region size 1024K, 2 young (2048K), 1 survivors (1024K)
 Metaspace       used 26274K, committed 26560K, reserved 1114112K
  class space    used 2800K, committed 2944K, reserved 1048576K
}
Event: 40.725 GC heap after
{Heap after GC invocations=26 (full 0):
 garbage-first heap   total 55296K, used 33607K [0x00000000a2400000, 0x0000000100000000)
  region size 1024K, 1 young (1024K), 1 survivors (1024K)
 Metaspace       used 26274K, committed 26560K, reserved 1114112K
  class space    used 2800K, committed 2944K, reserved 1048576K
}
Event: 40.834 GC heap before
{Heap before GC invocations=26 (full 0):
 garbage-first heap   total 55296K, used 40775K [0x00000000a2400000, 0x0000000100000000)
  region size 1024K, 8 young (8192K), 1 survivors (1024K)
 Metaspace       used 26274K, committed 26560K, reserved 1114112K
  class space    used 2800K, committed 2944K, reserved 1048576K
}

Dll operation events (10 events):
Event: 0.039 Loaded shared library C:\Program Files\Java\jdk-19\bin\java.dll
Event: 0.064 Loaded shared library C:\Program Files\Java\jdk-19\bin\jsvml.dll
Event: 0.185 Loaded shared library C:\Program Files\Java\jdk-19\bin\net.dll
Event: 0.193 Loaded shared library C:\Program Files\Java\jdk-19\bin\nio.dll
Event: 0.205 Loaded shared library C:\Program Files\Java\jdk-19\bin\zip.dll
Event: 0.610 Loaded shared library C:\Program Files\Java\jdk-19\bin\jimage.dll
Event: 0.639 Loaded shared library C:\Program Files\Common Files\apache-maven-3.8.6\lib\jansi-native\Windows\x86_64\jansi.dll
Event: 0.697 Loaded shared library C:\Program Files\Java\jdk-19\bin\verify.dll
Event: 6.614 Loaded shared library C:\Program Files\Java\jdk-19\bin\sunmscapi.dll
Event: 8.170 Loaded shared library C:\Program Files\Java\jdk-19\bin\extnet.dll

Deoptimization events (20 events):
Event: 39.979 Thread 0x00000214cf29d880 DEOPT PACKING pc=0x00000214e07f0acc sp=0x000000b6c85fdc40
Event: 39.979 Thread 0x00000214cf29d880 DEOPT UNPACKING pc=0x00000214dffd6d9d sp=0x000000b6c85fdbc8 mode 2
Event: 40.054 Thread 0x00000214cf29d880 Uncommon trap: trap_request=0xffffff45 fr.pc=0x00000214e07c5a50 relative=0x0000000000000530
Event: 40.054 Thread 0x00000214cf29d880 Uncommon trap: reason=unstable_if action=reinterpret pc=0x00000214e07c5a50 method=org.codehaus.plexus.util.xml.pull.MXParser.nextImpl()I @ 1161 c2
Event: 40.054 Thread 0x00000214cf29d880 DEOPT PACKING pc=0x00000214e07c5a50 sp=0x000000b6c85fde40
Event: 40.054 Thread 0x00000214cf29d880 DEOPT UNPACKING pc=0x00000214dffd6d9d sp=0x000000b6c85fddb0 mode 2
Event: 40.402 Thread 0x00000214cf29d880 Uncommon trap: trap_request=0xffffff45 fr.pc=0x00000214e0620a90 relative=0x0000000000000cd0
Event: 40.402 Thread 0x00000214cf29d880 Uncommon trap: reason=unstable_if action=reinterpret pc=0x00000214e0620a90 method=java.lang.Character.isSurrogate(C)Z @ 3 c2
Event: 40.402 Thread 0x00000214cf29d880 DEOPT PACKING pc=0x00000214e0620a90 sp=0x000000b6c85fdcc0
Event: 40.402 Thread 0x00000214cf29d880 DEOPT UNPACKING pc=0x00000214dffd6d9d sp=0x000000b6c85fdbb8 mode 2
Event: 40.409 Thread 0x00000214cf29d880 DEOPT PACKING pc=0x00000214d8c25584 sp=0x000000b6c85fdad0
Event: 40.409 Thread 0x00000214cf29d880 DEOPT UNPACKING pc=0x00000214dffd7524 sp=0x000000b6c85fd028 mode 0
Event: 40.728 Thread 0x00000214cf29d880 DEOPT PACKING pc=0x00000214d8c25584 sp=0x000000b6c85fda40
Event: 40.729 Thread 0x00000214cf29d880 DEOPT UNPACKING pc=0x00000214dffd7524 sp=0x000000b6c85fcf98 mode 0
Event: 40.770 Thread 0x00000214cf29d880 Uncommon trap: trap_request=0xffffff45 fr.pc=0x00000214e05c79e8 relative=0x0000000000000988
Event: 40.770 Thread 0x00000214cf29d880 Uncommon trap: reason=unstable_if action=reinterpret pc=0x00000214e05c79e8 method=org.codehaus.plexus.util.xml.pull.MXParser.nextImpl()I @ 200 c2
Event: 40.770 Thread 0x00000214cf29d880 DEOPT PACKING pc=0x00000214e05c79e8 sp=0x000000b6c85fde40
Event: 40.770 Thread 0x00000214cf29d880 DEOPT UNPACKING pc=0x00000214dffd6d9d sp=0x000000b6c85fddb8 mode 2
Event: 40.788 Thread 0x00000214cf29d880 DEOPT PACKING pc=0x00000214d8c25584 sp=0x000000b6c85fd940
Event: 40.788 Thread 0x00000214cf29d880 DEOPT UNPACKING pc=0x00000214dffd7524 sp=0x000000b6c85fce98 mode 0

Classes loaded (20 events):
Event: 37.139 Loading class java/util/zip/ZipOutputStream
Event: 37.141 Loading class java/util/zip/DeflaterOutputStream
Event: 37.142 Loading class java/util/zip/DeflaterOutputStream done
Event: 37.142 Loading class java/util/zip/ZipOutputStream done
Event: 37.218 Loading class java/io/PrintWriter
Event: 37.219 Loading class java/io/PrintWriter done
Event: 37.250 Loading class javax/xml/transform/TransformerException
Event: 37.254 Loading class javax/xml/transform/TransformerException done
Event: 37.302 Loading class java/util/zip/GZIPOutputStream
Event: 37.303 Loading class java/util/zip/GZIPOutputStream done
Event: 37.423 Loading class java/util/EventListener
Event: 37.423 Loading class java/util/EventListener done
Event: 37.779 Loading class java/io/LineNumberReader
Event: 37.783 Loading class java/io/LineNumberReader done
Event: 37.888 Loading class java/util/Hashtable$EntrySet
Event: 37.892 Loading class java/util/Hashtable$EntrySet done
Event: 38.269 Loading class java/io/PrintWriter$1
Event: 38.269 Loading class jdk/internal/access/JavaIOPrintWriterAccess
Event: 38.269 Loading class jdk/internal/access/JavaIOPrintWriterAccess done
Event: 38.269 Loading class java/io/PrintWriter$1 done

Classes unloaded (0 events):
No events

Classes redefined (0 events):
No events

Internal exceptions (20 events):
Event: 29.778 Thread 0x00000214cf29d880 Exception <a 'java/lang/NullPointerException'{0x00000000a3e4ed48}> (0x00000000a3e4ed48) 
thrown [s\open\src\hotspot\share\runtime\sharedRuntime.cpp, line 630]
Event: 29.778 Thread 0x00000214cf29d880 Implicit null exception at 0x00000214d91b6d3f to 0x00000214d91bb15a
Event: 29.778 Thread 0x00000214cf29d880 Exception <a 'java/lang/NullPointerException'{0x00000000a3e4f2d8}> (0x00000000a3e4f2d8) 
thrown [s\open\src\hotspot\share\runtime\sharedRuntime.cpp, line 630]
Event: 29.778 Thread 0x00000214cf29d880 Implicit null exception at 0x00000214d91b6d3f to 0x00000214d91bb15a
Event: 29.778 Thread 0x00000214cf29d880 Exception <a 'java/lang/NullPointerException'{0x00000000a3e4f868}> (0x00000000a3e4f868) 
thrown [s\open\src\hotspot\share\runtime\sharedRuntime.cpp, line 630]
Event: 29.778 Thread 0x00000214cf29d880 Implicit null exception at 0x00000214d91b6d3f to 0x00000214d91bb15a
Event: 29.779 Thread 0x00000214cf29d880 Exception <a 'java/lang/NullPointerException'{0x00000000a3e50318}> (0x00000000a3e50318) 
thrown [s\open\src\hotspot\share\runtime\sharedRuntime.cpp, line 630]
Event: 29.779 Thread 0x00000214cf29d880 Implicit null exception at 0x00000214d91b6d3f to 0x00000214d91bb15a
Event: 29.779 Thread 0x00000214cf29d880 Exception <a 'java/lang/NullPointerException'{0x00000000a3e508a8}> (0x00000000a3e508a8) 
thrown [s\open\src\hotspot\share\runtime\sharedRuntime.cpp, line 630]
Event: 29.779 Thread 0x00000214cf29d880 Implicit null exception at 0x00000214d91b6d3f to 0x00000214d91bb15a
Event: 29.779 Thread 0x00000214cf29d880 Exception <a 'java/lang/NullPointerException'{0x00000000a3e50e38}> (0x00000000a3e50e38) 
thrown [s\open\src\hotspot\share\runtime\sharedRuntime.cpp, line 630]
Event: 29.779 Thread 0x00000214cf29d880 Implicit null exception at 0x00000214d91b6d3f to 0x00000214d91bb15a
Event: 29.779 Thread 0x00000214cf29d880 Exception <a 'java/lang/NullPointerException'{0x00000000a3e519a8}> (0x00000000a3e519a8) 
thrown [s\open\src\hotspot\share\runtime\sharedRuntime.cpp, line 630]
Event: 29.779 Thread 0x00000214cf29d880 Implicit null exception at 0x00000214d91b6d3f to 0x00000214d91bb15a
Event: 29.779 Thread 0x00000214cf29d880 Exception <a 'java/lang/NullPointerException'{0x00000000a3e51f38}> (0x00000000a3e51f38) 
thrown [s\open\src\hotspot\share\runtime\sharedRuntime.cpp, line 630]
Event: 29.779 Thread 0x00000214cf29d880 Implicit null exception at 0x00000214d91b6d3f to 0x00000214d91bb15a
Event: 29.779 Thread 0x00000214cf29d880 Exception <a 'java/lang/NullPointerException'{0x00000000a3e524c8}> (0x00000000a3e524c8) 
thrown [s\open\src\hotspot\share\runtime\sharedRuntime.cpp, line 630]
Event: 37.578 Thread 0x00000214cf29d880 Implicit null exception at 0x00000214e06a95d2 to 0x00000214e06a9a4c
Event: 37.751 Thread 0x00000214cf29d880 Exception <a 'java/lang/NoSuchMethodError'{0x00000000a4aa4fb8}: 'float java.lang.invoke.DelegatingMethodHandle$Holder.reinvoke_L(java.lang.Object, java.lang.Object, int)'> (0x00000000a4aa4fb8) 
thrown [s\open\src\hotspot\share\interpreter\linkResolver.cpp, line 774]
Event: 37.754 Thread 0x00000214cf29d880 Exception <a 'java/lang/NoSuchMethodError'{0x00000000a4ab00c0}: 'java.lang.Object java.lang.invoke.DelegatingMethodHandle$Holder.reinvoke_L(java.lang.Object, int, float, int)'> (0x00000000a4ab00c0) 
thrown [s\open\src\hotspot\share\interpreter\linkResolver.cpp, line 774]

VM Operations (20 events):
Event: 40.248 Executing VM operation: G1CollectForAllocation done
Event: 40.311 Executing VM operation: G1PauseRemark
Event: 40.320 Executing VM operation: G1PauseRemark done
Event: 40.348 Executing VM operation: G1PauseCleanup
Event: 40.352 Executing VM operation: G1PauseCleanup done
Event: 40.434 Executing VM operation: G1CollectForAllocation
Event: 40.446 Executing VM operation: G1CollectForAllocation done
Event: 40.457 Executing VM operation: G1CollectForAllocation
Event: 40.462 Executing VM operation: G1CollectForAllocation done
Event: 40.506 Executing VM operation: G1CollectForAllocation
Event: 40.513 Executing VM operation: G1CollectForAllocation done
Event: 40.603 Executing VM operation: G1PauseRemark
Event: 40.619 Executing VM operation: G1PauseRemark done
Event: 40.652 Executing VM operation: G1PauseCleanup
Event: 40.669 Executing VM operation: G1PauseCleanup done
Event: 40.699 Executing VM operation: G1CollectForAllocation
Event: 40.710 Executing VM operation: G1CollectForAllocation done
Event: 40.720 Executing VM operation: G1CollectForAllocation
Event: 40.725 Executing VM operation: G1CollectForAllocation done
Event: 40.834 Executing VM operation: G1CollectForAllocation

Events (20 events):
Event: 40.002 Thread 0x00000214ed9931c0 flushing nmethod 0x00000214d93aac10
Event: 40.002 Thread 0x00000214ed9931c0 flushing nmethod 0x00000214d93abd10
Event: 40.003 Thread 0x00000214ed9931c0 flushing nmethod 0x00000214d9488910
Event: 40.003 Thread 0x00000214ed9931c0 flushing nmethod 0x00000214d9489910
Event: 40.003 Thread 0x00000214ed9931c0 flushing nmethod 0x00000214d948a310
Event: 40.003 Thread 0x00000214ed9931c0 flushing nmethod 0x00000214d948f290
Event: 40.003 Thread 0x00000214ed9931c0 flushing nmethod 0x00000214d9494c10
Event: 40.003 Thread 0x00000214ed9931c0 flushing nmethod 0x00000214d9496690
Event: 40.004 Thread 0x00000214ed9931c0 flushing nmethod 0x00000214d94e8090
Event: 40.004 Thread 0x00000214ed9931c0 flushing nmethod 0x00000214d94e9310
Event: 40.004 Thread 0x00000214ed9931c0 flushing nmethod 0x00000214d9549090
Event: 40.004 Thread 0x00000214ed9931c0 flushing nmethod 0x00000214d957e590
Event: 40.005 Thread 0x00000214ed9931c0 flushing nmethod 0x00000214d966f110
Event: 40.005 Thread 0x00000214ed9931c0 flushing nmethod 0x00000214d966f510
Event: 40.005 Thread 0x00000214ed9931c0 flushing nmethod 0x00000214d9679b90
Event: 40.005 Thread 0x00000214ed9931c0 flushing nmethod 0x00000214d967a310
Event: 40.005 Thread 0x00000214ed9931c0 flushing nmethod 0x00000214d967a990
Event: 40.005 Thread 0x00000214ed9931c0 flushing nmethod 0x00000214d967ad90
Event: 40.006 Thread 0x00000214ed9931c0 flushing nmethod 0x00000214d96c1d90
Event: 40.006 Thread 0x00000214ed9931c0 flushing nmethod 0x00000214d96fe710


Dynamic libraries:
0x00007ff7735c0000 - 0x00007ff7735d0000 	C:\Program Files\Java\jdk-19\bin\java.exe
0x00007ffddfcb0000 - 0x00007ffddfea8000 	C:\WINDOWS\SYSTEM32\ntdll.dll
0x00007ffdde170000 - 0x00007ffdde22f000 	C:\WINDOWS\System32\KERNEL32.DLL
0x00007ffddd9d0000 - 0x00007ffdddca2000 	C:\WINDOWS\System32\KERNELBASE.dll
0x00007ffddd470000 - 0x00007ffddd570000 	C:\WINDOWS\System32\ucrtbase.dll
0x00007ffdd5af0000 - 0x00007ffdd5b08000 	C:\Program Files\Java\jdk-19\bin\jli.dll
0x00007ffdd5ad0000 - 0x00007ffdd5aeb000 	C:\Program Files\Java\jdk-19\bin\VCRUNTIME140.dll
0x00007ffdde560000 - 0x00007ffdde60e000 	C:\WINDOWS\System32\ADVAPI32.dll
0x00007ffdde230000 - 0x00007ffdde2ce000 	C:\WINDOWS\System32\msvcrt.dll
0x00007ffddf8d0000 - 0x00007ffddf96c000 	C:\WINDOWS\System32\sechost.dll
0x00007ffdde3c0000 - 0x00007ffdde4e5000 	C:\WINDOWS\System32\RPCRT4.dll
0x00007ffddf610000 - 0x00007ffddf7ad000 	C:\WINDOWS\System32\USER32.dll
0x00007ffddd3b0000 - 0x00007ffddd3d2000 	C:\WINDOWS\System32\win32u.dll
0x00007ffddf490000 - 0x00007ffddf4bb000 	C:\WINDOWS\System32\GDI32.dll
0x00007ffdcbe50000 - 0x00007ffdcc0ea000 	C:\WINDOWS\WinSxS\amd64_microsoft.windows.common-controls_6595b64144ccf1df_6.0.19041.1110_none_60b5254171f9507e\COMCTL32.dll
0x00007ffddd570000 - 0x00007ffddd67f000 	C:\WINDOWS\System32\gdi32full.dll
0x00007ffddd680000 - 0x00007ffddd71d000 	C:\WINDOWS\System32\msvcp_win.dll
0x00007ffdd4f30000 - 0x00007ffdd4f3a000 	C:\WINDOWS\SYSTEM32\VERSION.dll
0x00007ffdde610000 - 0x00007ffdde642000 	C:\WINDOWS\System32\IMM32.DLL
0x00007ffdd5d40000 - 0x00007ffdd5d4c000 	C:\Program Files\Java\jdk-19\bin\vcruntime140_1.dll
0x00007ffda9320000 - 0x00007ffda93ae000 	C:\Program Files\Java\jdk-19\bin\msvcp140.dll
0x00007ffd7a620000 - 0x00007ffd7b2e0000 	C:\Program Files\Java\jdk-19\bin\server\jvm.dll
0x00007ffdc82d0000 - 0x00007ffdc82d9000 	C:\WINDOWS\SYSTEM32\WSOCK32.dll
0x00007ffdbe700000 - 0x00007ffdbe727000 	C:\WINDOWS\SYSTEM32\WINMM.dll
0x00007ffdde4f0000 - 0x00007ffdde55b000 	C:\WINDOWS\System32\WS2_32.dll
0x00007ffddbe70000 - 0x00007ffddbe82000 	C:\WINDOWS\SYSTEM32\kernel.appcore.dll
0x00007ffdd4ce0000 - 0x00007ffdd4cea000 	C:\Program Files\Java\jdk-19\bin\jimage.dll
0x00007ffddb910000 - 0x00007ffddbaf4000 	C:\WINDOWS\SYSTEM32\DBGHELP.DLL
0x00007ffdc5ce0000 - 0x00007ffdc5d0c000 	C:\WINDOWS\SYSTEM32\dbgcore.DLL
0x00007ffddd3e0000 - 0x00007ffddd462000 	C:\WINDOWS\System32\bcryptPrimitives.dll
0x00007ffdc8ef0000 - 0x00007ffdc8f16000 	C:\Program Files\Java\jdk-19\bin\java.dll
0x00007ffda8e30000 - 0x00007ffda8f07000 	C:\Program Files\Java\jdk-19\bin\jsvml.dll
0x00007ffdde6c0000 - 0x00007ffddee03000 	C:\WINDOWS\System32\SHELL32.dll
0x00007ffddb0a0000 - 0x00007ffddb832000 	C:\WINDOWS\SYSTEM32\windows.storage.dll
0x00007ffdddd60000 - 0x00007ffdde0b4000 	C:\WINDOWS\System32\combase.dll
0x00007ffddce10000 - 0x00007ffddce40000 	C:\WINDOWS\SYSTEM32\Wldp.dll
0x00007ffddf4d0000 - 0x00007ffddf57d000 	C:\WINDOWS\System32\SHCORE.dll
0x00007ffdddd00000 - 0x00007ffdddd55000 	C:\WINDOWS\System32\shlwapi.dll
0x00007ffddd2f0000 - 0x00007ffddd30f000 	C:\WINDOWS\SYSTEM32\profapi.dll
0x00007ffdc8ed0000 - 0x00007ffdc8ee3000 	C:\Program Files\Java\jdk-19\bin\net.dll
0x00007ffdcb8c0000 - 0x00007ffdcb9cc000 	C:\WINDOWS\SYSTEM32\WINHTTP.dll
0x00007ffddcb70000 - 0x00007ffddcbda000 	C:\WINDOWS\system32\mswsock.dll
0x00007ffdc8eb0000 - 0x00007ffdc8ec6000 	C:\Program Files\Java\jdk-19\bin\nio.dll
0x00007ffdc8c70000 - 0x00007ffdc8c88000 	C:\Program Files\Java\jdk-19\bin\zip.dll
0x0000000069ac0000 - 0x0000000069ae4000 	C:\Program Files\Common Files\apache-maven-3.8.6\lib\jansi-native\Windows\x86_64\jansi.dll
0x00007ffdd4c80000 - 0x00007ffdd4c90000 	C:\Program Files\Java\jdk-19\bin\verify.dll
0x00007ffdcbbc0000 - 0x00007ffdcbbce000 	C:\Program Files\Java\jdk-19\bin\sunmscapi.dll
0x00007ffddd800000 - 0x00007ffddd956000 	C:\WINDOWS\System32\CRYPT32.dll
0x00007ffddce80000 - 0x00007ffddcea7000 	C:\WINDOWS\SYSTEM32\ncrypt.dll
0x00007ffddce40000 - 0x00007ffddce7b000 	C:\WINDOWS\SYSTEM32\NTASN1.dll
0x00007ffddcd70000 - 0x00007ffddcd88000 	C:\WINDOWS\SYSTEM32\CRYPTSP.dll
0x00007ffddc420000 - 0x00007ffddc454000 	C:\WINDOWS\system32\rsaenh.dll
0x00007ffddd720000 - 0x00007ffddd747000 	C:\WINDOWS\System32\bcrypt.dll
0x00007ffddd270000 - 0x00007ffddd29e000 	C:\WINDOWS\SYSTEM32\USERENV.dll
0x00007ffddcd60000 - 0x00007ffddcd6c000 	C:\WINDOWS\SYSTEM32\CRYPTBASE.dll
0x00007ffddc810000 - 0x00007ffddc84b000 	C:\WINDOWS\SYSTEM32\IPHLPAPI.DLL
0x00007ffddf4c0000 - 0x00007ffddf4c8000 	C:\WINDOWS\System32\NSI.dll
0x00007ffdcc720000 - 0x00007ffdcc737000 	C:\WINDOWS\SYSTEM32\dhcpcsvc6.DLL
0x00007ffdccdf0000 - 0x00007ffdcce0d000 	C:\WINDOWS\SYSTEM32\dhcpcsvc.DLL
0x00007ffddc860000 - 0x00007ffddc92a000 	C:\WINDOWS\SYSTEM32\DNSAPI.dll
0x00007ffdc9c90000 - 0x00007ffdc9c9a000 	C:\Windows\System32\rasadhlp.dll
0x00007ffdca710000 - 0x00007ffdca790000 	C:\WINDOWS\System32\fwpuclnt.dll
0x00007ffdcb400000 - 0x00007ffdcb408000 	C:\Program Files\Java\jdk-19\bin\extnet.dll

dbghelp: loaded successfully - version: 4.0.5 - missing functions: none
symbol engine: initialized successfully - sym options: 0x614 - pdb path: .;C:\Program Files\Java\jdk-19\bin;C:\WINDOWS\SYSTEM32;C:\WINDOWS\WinSxS\amd64_microsoft.windows.common-controls_6595b64144ccf1df_6.0.19041.1110_none_60b5254171f9507e;C:\Program Files\Java\jdk-19\bin\server;C:\Program Files\Common Files\apache-maven-3.8.6\lib\jansi-native\Windows\x86_64

VM Arguments:
jvm_args: -Dclassworlds.conf=C:\Program Files\Common Files\apache-maven-3.8.6\bin\m2.conf -Dmaven.home=C:\Program Files\Common Files\apache-maven-3.8.6 -Dlibrary.jansi.path=C:\Program Files\Common Files\apache-maven-3.8.6\lib\jansi-native -Dmaven.multiModuleProjectDirectory=C:\Users\Blanki Kuler\Documents\GitHub\memory-game 
java_command: org.codehaus.plexus.classworlds.launcher.Launcher archetype:generate -DgroupId=com.mycompany.app -DartifactId=my-app -DarchetypeArtifactId=maven-archetype-quickstart -DarchetypeVersion=1.4 -DinteractiveMode=false
java_class_path (initial): C:\Program Files\Common Files\apache-maven-3.8.6\boot\plexus-classworlds-2.6.0.jar
Launcher Type: SUN_STANDARD

[Global flags]
     intx CICompilerCount                          = 2                                         {product} {ergonomic}
     uint ConcGCThreads                            = 1                                         {product} {ergonomic}
     uint G1ConcRefinementThreads                  = 2                                         {product} {ergonomic}
   size_t G1HeapRegionSize                         = 1048576                                   {product} {ergonomic}
    uintx GCDrainStackTargetSize                   = 64                                        {product} {ergonomic}
   size_t InitialHeapSize                          = 98566144                                  {product} {ergonomic}
   size_t MarkStackSize                            = 4194304                                   {product} {ergonomic}
   size_t MaxHeapSize                              = 1572864000                                {product} {ergonomic}
   size_t MaxNewSize                               = 943718400                                 {product} {ergonomic}
   size_t MinHeapDeltaBytes                        = 1048576                                   {product} {ergonomic}
   size_t MinHeapSize                              = 8388608                                   {product} {ergonomic}
    uintx NonNMethodCodeHeapSize                   = 5826188                                {pd product} {ergonomic}
    uintx NonProfiledCodeHeapSize                  = 122916026                              {pd product} {ergonomic}
    uintx ProfiledCodeHeapSize                     = 122916026                              {pd product} {ergonomic}
    uintx ReservedCodeCacheSize                    = 251658240                              {pd product} {ergonomic}
     bool SegmentedCodeCache                       = true                                      {product} {ergonomic}
   size_t SoftMaxHeapSize                          = 1572864000                             {manageable} {ergonomic}
     bool UseCompressedClassPointers               = true                           {product lp64_product} {ergonomic}
     bool UseCompressedOops                        = true                           {product lp64_product} {ergonomic}
     bool UseG1GC                                  = true                                      {product} {ergonomic}
     bool UseLargePagesIndividualAllocation        = false                                  {pd product} {ergonomic}

Logging:
Log output configuration:
 #0: stdout all=warning uptime,level,tags foldmultilines=false
 #1: stderr all=off uptime,level,tags foldmultilines=false

Environment Variables:
PATH=C:\Program Files\Common Files\Oracle\Java\javapath;C:\WINDOWS\system32;C:\WINDOWS;C:\WINDOWS\System32\Wbem;C:\WINDOWS\System32\WindowsPowerShell\v1.0\;C:\WINDOWS\System32\OpenSSH\;C:\Users\Administrator\AppData\Local\Microsoft\WindowsApps;C:\Recovery\OEM\Backup\;C:\WINDOWS\system32;C:\WINDOWS;C:\WINDOWS\System32\Wbem;C:\WINDOWS\System32\WindowsPowerShell\v1.0\;C:\WINDOWS\System32\OpenSSH\;C:\Program Files\MATLAB\R2021b\bin;C:\Program Files\Common Files\apache-maven-3.8.6\bin;C:\Users\Blanki Kuler\AppData\Local\Microsoft\WindowsApps;C:\Microsoft VS Code\bin;C:\Users\Blanki Kuler\AppData\Local\GitHubDesktop\bin;C:\Users\Blanki Kuler\AppData\Local\Programs\Git\cmd
USERNAME=Blanki Kuler
OS=Windows_NT
PROCESSOR_IDENTIFIER=Intel64 Family 6 Model 92 Stepping 9, GenuineIntel
TMP=C:\Users\BLANKI~1\AppData\Local\Temp
TEMP=C:\Users\BLANKI~1\AppData\Local\Temp



---------------  S Y S T E M  ---------------

OS:
 Windows 10 , 64 bit Build 19041 (10.0.19041.2251)
OS uptime: 1 days 13:10 hours

CPU: total 2 (initial active 2) (2 cores per cpu, 1 threads per core) family 6 model 92 stepping 9 microcode 0x32, cx8, cmov, fxsr, mmx, 3dnowpref, sse, sse2, sse3, ssse3, sse4.1, sse4.2, popcnt, tsc, tscinvbit, aes, erms, clmul, sha, clflush, clflushopt, rdtscp

Memory: 4k page, system-wide physical 5993M (650M free)
TotalPageFile size 7772M (AvailPageFile size 43M)
current process WorkingSet (physical memory assigned to process): 161M, peak: 161M
current process commit charge ("private bytes"): 231M, peak: 287M

vm_info: Java HotSpot(TM) 64-Bit Server VM (19.0.1+10-21) for windows-amd64 JRE (19.0.1+10-21), built on 2022-09-14T12:45:06Z by "mach5one" with MS VC++ 17.1 (VS2022)

END.
